<?xml version="1.0" encoding="UTF-8"?>
<testsuite xmlns:xsi="http://www.w3.org/2001/XMLSchema-instance" xsi:noNamespaceSchemaLocation="https://maven.apache.org/surefire/maven-surefire-plugin/xsd/surefire-test-report-3.0.xsd" version="3.0" name="runner.TestRunner" time="47.346" tests="6" errors="0" skipped="0" failures="0">
  <properties>
[...]
</properties>
  <testcase name="Viewing filtered product list after searching" classname="Search Behavior" time="5.053">
    <system-out><![CDATA[
Scenario: Viewing filtered product list after searching                      &amp#27;[90m# src/test/java/features/Search.feature:6&amp#27;[0m
2025-02-15 22:07:39 [main] INFO : Starting the browser...
2025-02-15 22:07:39 [main] INFO : Opening the home page...
  &amp#27;[32mGiven &amp#27;[0m&amp#27;[32mUser opens home page&amp#27;[0m                                                 &amp#27;[90m# stepDefinition.HomePage.userOpensHomePage()&amp#27;[0m
2025-02-15 22:07:41 [main] INFO : Entering search text from Excel: Row 1, Column 1, Search Text: şort
  &amp#27;[32mWhen &amp#27;[0m&amp#27;[32mUser enters the search text &amp#27;[0m&amp#27;[32m&amp#27;[1m1&amp#27;[0m&amp#27;[32m row and &amp#27;[0m&amp#27;[32m&amp#27;[1m1&amp#27;[0m&amp#27;[32m column&amp#27;[0m                        &amp#27;[90m# stepDefinition.ProductListPage.userEntersTheSearchText(int,int)&amp#27;[0m
2025-02-15 22:07:41 [main] INFO : Verifying that the filtered product list contains the search text: şort
  &amp#27;[32mThen &amp#27;[0m&amp#27;[32mUser should see the filtered product list for &amp#27;[0m&amp#27;[32m&amp#27;[1m1&amp#27;[0m&amp#27;[32m row and &amp#27;[0m&amp#27;[32m&amp#27;[1m1&amp#27;[0m&amp#27;[32m column text&amp#27;[0m &amp#27;[90m# stepDefinition.ProductListPage.userShouldSeeTheFilteredListOfProducts(int,int)&amp#27;[0m
2025-02-15 22:07:43 [main] INFO : Closing the browser...
]]></system-out>
    <system-err><![CDATA[Feb 15, 2025 10:07:39 PM org.openqa.selenium.devtools.CdpVersionFinder findNearestMatch
WARNING: Unable to find an exact match for CDP version 133, returning the closest version; found: 131; Please update to a Selenium version that supports CDP version 133
]]></system-err>
  </testcase>
  <testcase name="Viewing unfiltered product list after clearing search text" classname="Search Behavior" time="3.753">
    <system-out><![CDATA[
Scenario: Viewing unfiltered product list after clearing search text            &amp#27;[90m# src/test/java/features/Search.feature:10&amp#27;[0m
2025-02-15 22:07:43 [main] INFO : Starting the browser...
2025-02-15 22:07:43 [main] INFO : Opening the home page...
  &amp#27;[32mGiven &amp#27;[0m&amp#27;[32mUser opens home page&amp#27;[0m                                                    &amp#27;[90m# stepDefinition.HomePage.userOpensHomePage()&amp#27;[0m
2025-02-15 22:07:46 [main] INFO : Entering search text from Excel: Row 1, Column 1, Search Text: şort
  &amp#27;[32mWhen &amp#27;[0m&amp#27;[32mUser enters the search text &amp#27;[0m&amp#27;[32m&amp#27;[1m1&amp#27;[0m&amp#27;[32m row and &amp#27;[0m&amp#27;[32m&amp#27;[1m1&amp#27;[0m&amp#27;[32m column&amp#27;[0m                           &amp#27;[90m# stepDefinition.ProductListPage.userEntersTheSearchText(int,int)&amp#27;[0m
2025-02-15 22:07:46 [main] INFO : Clearing the search text...
  &amp#27;[32mAnd &amp#27;[0m&amp#27;[32mUser clears the search text&amp#27;[0m                                               &amp#27;[90m# stepDefinition.ProductListPage.userClearsTheSearchText()&amp#27;[0m
2025-02-15 22:07:46 [main] INFO : Verifying that the filtered product list does not contain the search text: şort
  &amp#27;[32mThen &amp#27;[0m&amp#27;[32mUser shouldn't see the filtered product list for &amp#27;[0m&amp#27;[32m&amp#27;[1m1&amp#27;[0m&amp#27;[32m row and &amp#27;[0m&amp#27;[32m&amp#27;[1m1&amp#27;[0m&amp#27;[32m column text&amp#27;[0m &amp#27;[90m# stepDefinition.ProductListPage.userShouldNotSeeTheFilteredListOfProducts(int,int)&amp#27;[0m
2025-02-15 22:07:46 [main] INFO : Closing the browser...
]]></system-out>
    <system-err><![CDATA[Feb 15, 2025 10:07:43 PM org.openqa.selenium.devtools.CdpVersionFinder findNearestMatch
WARNING: Unable to find an exact match for CDP version 133, returning the closest version; found: 131; Please update to a Selenium version that supports CDP version 133
]]></system-err>
  </testcase>
  <testcase name="Add a random product to the shopping cart" classname="Shopping Cart Behavior" time="10.886">
    <system-out><![CDATA[
Scenario: Add a random product to the shopping cart      &amp#27;[90m# src/test/java/features/ShoppingCart.feature:11&amp#27;[0m
2025-02-15 22:07:47 [main] INFO : Starting the browser...
2025-02-15 22:07:47 [main] INFO : Opening the home page...
  &amp#27;[32mGiven &amp#27;[0m&amp#27;[32mUser opens home page&amp#27;[0m                             &amp#27;[90m# stepDefinition.HomePage.userOpensHomePage()&amp#27;[0m
2025-02-15 22:07:49 [main] INFO : Entering search text from Excel: Row 1, Column 2, Search Text: gömlek
  &amp#27;[32mAnd &amp#27;[0m&amp#27;[32mUser enters the search text &amp#27;[0m&amp#27;[32m&amp#27;[1m1&amp#27;[0m&amp#27;[32m row and &amp#27;[0m&amp#27;[32m&amp#27;[1m2&amp#27;[0m&amp#27;[32m column&amp#27;[0m     &amp#27;[90m# stepDefinition.ProductListPage.userEntersTheSearchText(int,int)&amp#27;[0m
2025-02-15 22:07:50 [main] INFO : User presses the Enter key on the keyboard...
  &amp#27;[32mAnd &amp#27;[0m&amp#27;[32mUser presses the enter key on the keyboard&amp#27;[0m         &amp#27;[90m# stepDefinition.ProductListPage.userPressesEnterKeyOnKeyboard()&amp#27;[0m
2025-02-15 22:07:52 [main] INFO : Selecting a random product to click to the shopping cart...
[[ChromeDriver: chrome on mac (e04fb96e7a351b6c53ce4c649b68f164)] -> class name: m-productCard__stockCartIcon]
  &amp#27;[32mAnd &amp#27;[0m&amp#27;[32mUser selects a random product to add shopping cart&amp#27;[0m &amp#27;[90m# stepDefinition.ProductListPage.userSelectsARandomProductToAddShoppingCart()&amp#27;[0m
2025-02-15 22:07:52 [main] INFO : Select a random product variation to add shopping cart...
2025-02-15 22:07:53 [main] INFO : Write product info to the txt file...
2025-02-15 22:07:53 [main] INFO : Adding the selected product to the shopping cart...
  &amp#27;[32mAnd &amp#27;[0m&amp#27;[32mUser adds the product to the shopping cart&amp#27;[0m         &amp#27;[90m# stepDefinition.ProductListPage.userAddsTheProductToTheShoppingCart()&amp#27;[0m
2025-02-15 22:07:54 [main] INFO : Clicking the shopping cart icon...
  &amp#27;[32mAnd &amp#27;[0m&amp#27;[32mUser clicks shopping cart icon&amp#27;[0m                     &amp#27;[90m# stepDefinition.ProductListPage.userClicksShoppingCartIcon()&amp#27;[0m
2025-02-15 22:07:56 [main] INFO : Verifying product count: 1 adet
  &amp#27;[32mThen &amp#27;[0m&amp#27;[32mProduct count should be &amp#27;[0m&amp#27;[32m&amp#27;[1m'1 adet'&amp#27;[0m                  &amp#27;[90m# stepDefinition.ShoppingCartPage.productCountShouldBe(java.lang.String)&amp#27;[0m
2025-02-15 22:07:57 [main] INFO : Verifying product details match the product list...
  &amp#27;[32mAnd &amp#27;[0m&amp#27;[32mProduct details should match the product list&amp#27;[0m      &amp#27;[90m# stepDefinition.ShoppingCartPage.productDetailsShouldMatchTheProductList()&amp#27;[0m
2025-02-15 22:07:57 [main] INFO : Closing the browser...
]]></system-out>
    <system-err><![CDATA[Feb 15, 2025 10:07:47 PM org.openqa.selenium.devtools.CdpVersionFinder findNearestMatch
WARNING: Unable to find an exact match for CDP version 133, returning the closest version; found: 131; Please update to a Selenium version that supports CDP version 133
]]></system-err>
  </testcase>
  <testcase name="Increase product count in the shopping cart" classname="Shopping Cart Behavior" time="13.099">
    <system-out><![CDATA[
Scenario: Increase product count in the shopping cart    &amp#27;[90m# src/test/java/features/ShoppingCart.feature:15&amp#27;[0m
2025-02-15 22:07:58 [main] INFO : Starting the browser...
2025-02-15 22:07:58 [main] INFO : Opening the home page...
  &amp#27;[32mGiven &amp#27;[0m&amp#27;[32mUser opens home page&amp#27;[0m                             &amp#27;[90m# stepDefinition.HomePage.userOpensHomePage()&amp#27;[0m
2025-02-15 22:08:00 [main] INFO : Entering search text from Excel: Row 1, Column 2, Search Text: gömlek
  &amp#27;[32mAnd &amp#27;[0m&amp#27;[32mUser enters the search text &amp#27;[0m&amp#27;[32m&amp#27;[1m1&amp#27;[0m&amp#27;[32m row and &amp#27;[0m&amp#27;[32m&amp#27;[1m2&amp#27;[0m&amp#27;[32m column&amp#27;[0m     &amp#27;[90m# stepDefinition.ProductListPage.userEntersTheSearchText(int,int)&amp#27;[0m
2025-02-15 22:08:01 [main] INFO : User presses the Enter key on the keyboard...
  &amp#27;[32mAnd &amp#27;[0m&amp#27;[32mUser presses the enter key on the keyboard&amp#27;[0m         &amp#27;[90m# stepDefinition.ProductListPage.userPressesEnterKeyOnKeyboard()&amp#27;[0m
2025-02-15 22:08:03 [main] INFO : Selecting a random product to click to the shopping cart...
[[ChromeDriver: chrome on mac (662cf1662d253ca772d588090ce89167)] -> class name: m-productCard__stockCartIcon]
  &amp#27;[32mAnd &amp#27;[0m&amp#27;[32mUser selects a random product to add shopping cart&amp#27;[0m &amp#27;[90m# stepDefinition.ProductListPage.userSelectsARandomProductToAddShoppingCart()&amp#27;[0m
2025-02-15 22:08:03 [main] INFO : Select a random product variation to add shopping cart...
2025-02-15 22:08:04 [main] INFO : Write product info to the txt file...
2025-02-15 22:08:04 [main] INFO : Adding the selected product to the shopping cart...
  &amp#27;[32mAnd &amp#27;[0m&amp#27;[32mUser adds the product to the shopping cart&amp#27;[0m         &amp#27;[90m# stepDefinition.ProductListPage.userAddsTheProductToTheShoppingCart()&amp#27;[0m
2025-02-15 22:08:05 [main] INFO : Clicking the shopping cart icon...
  &amp#27;[32mAnd &amp#27;[0m&amp#27;[32mUser clicks shopping cart icon&amp#27;[0m                     &amp#27;[90m# stepDefinition.ProductListPage.userClicksShoppingCartIcon()&amp#27;[0m
2025-02-15 22:08:07 [main] INFO : Changing product quantity to: 2
  &amp#27;[32mWhen &amp#27;[0m&amp#27;[32mUser changes the product quantity to &amp#27;[0m&amp#27;[32m&amp#27;[1m2&amp#27;[0m            &amp#27;[90m# stepDefinition.ShoppingCartPage.userChangesTheProductQuantityTo(int)&amp#27;[0m
2025-02-15 22:08:09 [main] INFO : Verifying product count: 2 adet
  &amp#27;[32mThen &amp#27;[0m&amp#27;[32mProduct count should be &amp#27;[0m&amp#27;[32m&amp#27;[1m'2 adet'&amp#27;[0m                  &amp#27;[90m# stepDefinition.ShoppingCartPage.productCountShouldBe(java.lang.String)&amp#27;[0m
2025-02-15 22:08:10 [main] INFO : Closing the browser...
]]></system-out>
    <system-err><![CDATA[Feb 15, 2025 10:07:58 PM org.openqa.selenium.devtools.CdpVersionFinder findNearestMatch
WARNING: Unable to find an exact match for CDP version 133, returning the closest version; found: 131; Please update to a Selenium version that supports CDP version 133
]]></system-err>
  </testcase>
  <testcase name="Delete products from the shopping cart" classname="Shopping Cart Behavior" time="11.224">
    <system-out><![CDATA[
Scenario: Delete products from the shopping cart         &amp#27;[90m# src/test/java/features/ShoppingCart.feature:19&amp#27;[0m
2025-02-15 22:08:11 [main] INFO : Starting the browser...
2025-02-15 22:08:11 [main] INFO : Opening the home page...
  &amp#27;[32mGiven &amp#27;[0m&amp#27;[32mUser opens home page&amp#27;[0m                             &amp#27;[90m# stepDefinition.HomePage.userOpensHomePage()&amp#27;[0m
2025-02-15 22:08:13 [main] INFO : Entering search text from Excel: Row 1, Column 2, Search Text: gömlek
  &amp#27;[32mAnd &amp#27;[0m&amp#27;[32mUser enters the search text &amp#27;[0m&amp#27;[32m&amp#27;[1m1&amp#27;[0m&amp#27;[32m row and &amp#27;[0m&amp#27;[32m&amp#27;[1m2&amp#27;[0m&amp#27;[32m column&amp#27;[0m     &amp#27;[90m# stepDefinition.ProductListPage.userEntersTheSearchText(int,int)&amp#27;[0m
2025-02-15 22:08:14 [main] INFO : User presses the Enter key on the keyboard...
  &amp#27;[32mAnd &amp#27;[0m&amp#27;[32mUser presses the enter key on the keyboard&amp#27;[0m         &amp#27;[90m# stepDefinition.ProductListPage.userPressesEnterKeyOnKeyboard()&amp#27;[0m
2025-02-15 22:08:16 [main] INFO : Selecting a random product to click to the shopping cart...
[[ChromeDriver: chrome on mac (6852f24cbabddc86a2a39bd76c244af7)] -> class name: m-productCard__stockCartIcon]
  &amp#27;[32mAnd &amp#27;[0m&amp#27;[32mUser selects a random product to add shopping cart&amp#27;[0m &amp#27;[90m# stepDefinition.ProductListPage.userSelectsARandomProductToAddShoppingCart()&amp#27;[0m
2025-02-15 22:08:16 [main] INFO : Select a random product variation to add shopping cart...
2025-02-15 22:08:17 [main] INFO : Write product info to the txt file...
2025-02-15 22:08:17 [main] INFO : Adding the selected product to the shopping cart...
  &amp#27;[32mAnd &amp#27;[0m&amp#27;[32mUser adds the product to the shopping cart&amp#27;[0m         &amp#27;[90m# stepDefinition.ProductListPage.userAddsTheProductToTheShoppingCart()&amp#27;[0m
2025-02-15 22:08:18 [main] INFO : Clicking the shopping cart icon...
  &amp#27;[32mAnd &amp#27;[0m&amp#27;[32mUser clicks shopping cart icon&amp#27;[0m                     &amp#27;[90m# stepDefinition.ProductListPage.userClicksShoppingCartIcon()&amp#27;[0m
2025-02-15 22:08:20 [main] INFO : Removing product from the shopping cart...
  &amp#27;[32mAnd &amp#27;[0m&amp#27;[32mUser deletes products from the shopping cart&amp#27;[0m       &amp#27;[90m# stepDefinition.ShoppingCartPage.userDeletesProductsFromTheShoppingCart()&amp#27;[0m
2025-02-15 22:08:21 [main] INFO : Verifying that the shopping cart is empty...
  &amp#27;[32mThen &amp#27;[0m&amp#27;[32mShopping cart should be empty&amp#27;[0m                     &amp#27;[90m# stepDefinition.ShoppingCartPage.shoppingCartShouldBeEmpty()&amp#27;[0m
2025-02-15 22:08:21 [main] INFO : Closing the browser...
]]></system-out>
    <system-err><![CDATA[Feb 15, 2025 10:08:11 PM org.openqa.selenium.devtools.CdpVersionFinder findNearestMatch
WARNING: Unable to find an exact match for CDP version 133, returning the closest version; found: 131; Please update to a Selenium version that supports CDP version 133
]]></system-err>
  </testcase>
  <testcase name="Opening and verifying the homepage of Beymen.com" classname="Site Navigation" time="3.208">
    <system-out><![CDATA[
Scenario: Opening and verifying the homepage of Beymen.com &amp#27;[90m# src/test/java/features/SiteNavigation.feature:3&amp#27;[0m
2025-02-15 22:08:22 [main] INFO : Starting the browser...
2025-02-15 22:08:22 [main] INFO : Opening the home page...
  &amp#27;[32mGiven &amp#27;[0m&amp#27;[32mUser opens home page&amp#27;[0m                               &amp#27;[90m# stepDefinition.HomePage.userOpensHomePage()&amp#27;[0m
2025-02-15 22:08:25 [main] INFO : Verifying the home page URL...
2025-02-15 22:08:25 [main] INFO : Verifying the home page title...
  &amp#27;[32mThen &amp#27;[0m&amp#27;[32mHomepage is verified to be displayed&amp#27;[0m                &amp#27;[90m# stepDefinition.HomePage.homepageIsVerifiedToBeDisplayed()&amp#27;[0m
2025-02-15 22:08:25 [main] INFO : Closing the browser...
]]></system-out>
    <system-err><![CDATA[Feb 15, 2025 10:08:22 PM org.openqa.selenium.devtools.CdpVersionFinder findNearestMatch
WARNING: Unable to find an exact match for CDP version 133, returning the closest version; found: 131; Please update to a Selenium version that supports CDP version 133
]]></system-err>
  </testcase>
</testsuite>